<?xml version="1.0" encoding="UTF-8"?>
<testsuite name="expo.modules.ReactActivityDelegateWrapperTest" tests="4" skipped="0" failures="0" errors="0" timestamp="2022-05-20T14:37:16" hostname="kali" time="17.988">
  <properties/>
  <testcase name="onNewIntent should call each handler's callback just once" classname="expo.modules.ReactActivityDelegateWrapperTest" time="17.298"/>
  <testcase name="onBackPressed should call each handler's callback just once" classname="expo.modules.ReactActivityDelegateWrapperTest" time="0.248"/>
  <testcase name="onNewIntent should return true if someone returns true" classname="expo.modules.ReactActivityDelegateWrapperTest" time="0.272"/>
  <testcase name="onBackPressed should return true if someone returns true" classname="expo.modules.ReactActivityDelegateWrapperTest" time="0.167"/>
  <system-out><![CDATA[]]></system-out>
  <system-err><![CDATA[]]></system-err>
</testsuite>
