<?xml version="1.0" encoding="UTF-8"?>
<testsuite name="expo.modules.ReactActivityDelegateWrapperTest" tests="4" skipped="0" failures="0" errors="0" timestamp="2022-05-20T14:37:41" hostname="kali" time="13.653">
  <properties/>
  <testcase name="onNewIntent should call each handler's callback just once" classname="expo.modules.ReactActivityDelegateWrapperTest" time="13.276"/>
  <testcase name="onBackPressed should call each handler's callback just once" classname="expo.modules.ReactActivityDelegateWrapperTest" time="0.118"/>
  <testcase name="onNewIntent should return true if someone returns true" classname="expo.modules.ReactActivityDelegateWrapperTest" time="0.158"/>
  <testcase name="onBackPressed should return true if someone returns true" classname="expo.modules.ReactActivityDelegateWrapperTest" time="0.097"/>
  <system-out><![CDATA[]]></system-out>
  <system-err><![CDATA[]]></system-err>
</testsuite>
